\BOOKMARK [0][-]{chapter*.2}{Prefacio}{}% 1
\BOOKMARK [0][-]{chapter.1}{Introducci\363n}{}% 2
\BOOKMARK [1][-]{section.1.1}{Din\341mica de una Part\355cula}{chapter.1}% 3
\BOOKMARK [2][-]{subsection.1.1.1}{Leyes de Newton}{section.1.1}% 4
\BOOKMARK [2][-]{subsection.1.1.2}{Teoremas de Conservaci\363n}{section.1.1}% 5
\BOOKMARK [2][-]{subsection.1.1.3}{Trabajo y Energ\355a}{section.1.1}% 6
\BOOKMARK [2][-]{subsection.1.1.4}{Fuerzas Conservativas}{section.1.1}% 7
\BOOKMARK [1][-]{section.1.2}{Notaci\363n de Einstein}{chapter.1}% 8
\BOOKMARK [0][-]{chapter.2}{Sistemas de Coordenadas y Cinematica}{}% 9
\BOOKMARK [1][-]{section.2.1}{Sistemas de Referencia}{chapter.2}% 10
\BOOKMARK [1][-]{section.2.2}{Coordenadas cartesianas}{chapter.2}% 11
\BOOKMARK [2][-]{subsection.2.2.1}{Lineas coordenadas}{section.2.2}% 12
\BOOKMARK [2][-]{subsection.2.2.2}{Cosenos directores}{section.2.2}% 13
\BOOKMARK [1][-]{section.2.3}{Coordenadas Esfericas}{chapter.2}% 14
\BOOKMARK [2][-]{subsection.2.3.1}{Lineas coordenadas}{section.2.3}% 15
\BOOKMARK [1][-]{section.2.4}{Vectores Direccionales}{chapter.2}% 16
\BOOKMARK [1][-]{section.2.5}{Metrica y Elemento de Linea}{chapter.2}% 17
\BOOKMARK [1][-]{section.2.6}{Producto Escalar}{chapter.2}% 18
\BOOKMARK [1][-]{section.2.7}{M\351trica Inversa}{chapter.2}% 19
\BOOKMARK [2][-]{subsection.2.7.1}{Notaci\363n de indices}{section.2.7}% 20
\BOOKMARK [1][-]{section.2.8}{Simbolos de Christoffel}{chapter.2}% 21
\BOOKMARK [1][-]{section.2.9}{Transformaci\363n de Coordenadas}{chapter.2}% 22
\BOOKMARK [1][-]{section.2.10}{Cinematica de una Particula }{chapter.2}% 23
\BOOKMARK [2][-]{subsection.2.10.1}{Velocidad}{section.2.10}% 24
\BOOKMARK [2][-]{subsection.2.10.2}{ en coordenadas cartesianas}{section.2.10}% 25
\BOOKMARK [2][-]{subsection.2.10.3}{ en coordenadas cilindricas}{section.2.10}% 26
\BOOKMARK [2][-]{subsection.2.10.4}{Relacion entre v y ds}{section.2.10}% 27
\BOOKMARK [2][-]{subsection.2.10.5}{Aceleraci\363n}{section.2.10}% 28
\BOOKMARK [2][-]{subsection.2.10.6}{ en coordenadas cartesianas}{section.2.10}% 29
\BOOKMARK [2][-]{subsection.2.10.7}{ en coordenadas cilindricas}{section.2.10}% 30
\BOOKMARK [0][-]{chapter.3}{Fuerzas Centrales}{}% 31
\BOOKMARK [1][-]{section.3.1}{Principio de Conservaci\363n de la Energ\355a y el Momento Angular}{chapter.3}% 32
\BOOKMARK [2][-]{subsection.3.1.1}{Potencial efectivo}{section.3.1}% 33
\BOOKMARK [2][-]{subsection.3.1.2}{Ecuaciones param\351tricas}{section.3.1}% 34
\BOOKMARK [1][-]{section.3.2}{Ecuaci\363n de la Trayectoria}{chapter.3}% 35
\BOOKMARK [1][-]{section.3.3}{Ecuaci\363n de Binet}{chapter.3}% 36
\BOOKMARK [1][-]{section.3.4}{Problema de Kepler}{chapter.3}% 37
\BOOKMARK [2][-]{subsection.3.4.1}{Determinaci\363n de \040en funcion de E y L0}{section.3.4}% 38
\BOOKMARK [1][-]{section.3.5}{Problema Unidimensional Equivalente}{chapter.3}% 39
\BOOKMARK [0][-]{chapter.4}{Grados de Libertad, Vinculos y Coordenadas Generalizadas}{}% 40
\BOOKMARK [1][-]{section.4.1}{Vinculos}{chapter.4}% 41
\BOOKMARK [1][-]{section.4.2}{Clasificaci\363n de los V\355nculos}{chapter.4}% 42
\BOOKMARK [2][-]{subsection.4.2.1}{V\355nculos Holonomos y Anholonomos}{section.4.2}% 43
\BOOKMARK [1][-]{section.4.3}{Reacciones Vinculares}{chapter.4}% 44
\BOOKMARK [1][-]{section.4.4}{Coordenadas Generalizadas}{chapter.4}% 45
\BOOKMARK [2][-]{subsection.4.4.1}{Fuerza Generalizada}{section.4.4}% 46
\BOOKMARK [0][-]{chapter.5}{Principio de los Trabajos Virtuales}{}% 47
\BOOKMARK [1][-]{section.5.1}{Desplazamiento Virtual}{chapter.5}% 48
\BOOKMARK [1][-]{section.5.2}{Trabajo Virtual}{chapter.5}% 49
\BOOKMARK [1][-]{section.5.3}{Teorema de Torricelli}{chapter.5}% 50
\BOOKMARK [1][-]{section.5.4}{Principio de D\220Alembert}{chapter.5}% 51
\BOOKMARK [0][-]{chapter.6}{Formalismo Lagrangiano}{}% 52
\BOOKMARK [1][-]{section.6.1}{Ecuaciones de Euler-Lagrange}{chapter.6}% 53
\BOOKMARK [1][-]{section.6.2}{Funci\363n Lagrangiana o Lagrangiano}{chapter.6}% 54
\BOOKMARK [1][-]{section.6.3}{Energ\355as cin\351tica y potencial en coordenadas generalizadas}{chapter.6}% 55
\BOOKMARK [1][-]{section.6.4}{Potenciales generalizados}{chapter.6}% 56
\BOOKMARK [1][-]{section.6.5}{Principio de Hamilton}{chapter.6}% 57
\BOOKMARK [1][-]{section.6.6}{No Unicidad de la funci\363n Lagrangiana}{chapter.6}% 58
\BOOKMARK [1][-]{section.6.7}{Curvas Geod\351sicas.}{chapter.6}% 59
\BOOKMARK [2][-]{subsection.6.7.1}{Ejemplo en R2.}{section.6.7}% 60
\BOOKMARK [2][-]{subsection.6.7.2}{Curvas Geod\351sicas en cualquier espacio.}{section.6.7}% 61
\BOOKMARK [1][-]{section.6.8}{Caso Electromagnetico}{chapter.6}% 62
\BOOKMARK [1][-]{section.6.9}{Teoremas de Conservaci\363n}{chapter.6}% 63
\BOOKMARK [2][-]{subsection.6.9.1}{Funci\363n Energ\355a y Conservaci\363n de la Energ\355a}{section.6.9}% 64
\BOOKMARK [2][-]{subsection.6.9.2}{Relaci\363n entre energ\355a y funci\363n energ\355a }{section.6.9}% 65
\BOOKMARK [0][-]{chapter.7}{Formalismo Hamiltoniano}{}% 66
\BOOKMARK [1][-]{section.7.1}{Transformaciones de Legendre}{chapter.7}% 67
\BOOKMARK [1][-]{section.7.2}{Ecuaciones de Hamilton}{chapter.7}% 68
\BOOKMARK [1][-]{section.7.3}{Corchetes de Poisson}{chapter.7}% 69
\BOOKMARK [2][-]{subsection.7.3.1}{Constantes del movimiento con corchetes de Poisson }{section.7.3}% 70
\BOOKMARK [1][-]{section.7.4}{Forma Simpl\351ctica de las Ecuaciones de Hamilton}{chapter.7}% 71
\BOOKMARK [0][-]{chapter.8}{Transformaciones Canonicas}{}% 72
\BOOKMARK [1][-]{section.8.1}{Transformaciones Can\363nicas}{chapter.8}% 73
\BOOKMARK [1][-]{section.8.2}{El hamiltoniano no cambia de forma funcional}{chapter.8}% 74
\BOOKMARK [1][-]{section.8.3}{El Hamiltoniano cambia de forma funcional}{chapter.8}% 75
\BOOKMARK [2][-]{subsection.8.3.1}{\(q,Q,t\) = F1\(q,Q,t\)}{section.8.3}% 76
\BOOKMARK [2][-]{subsection.8.3.2}{\(q,P,t\) = F2\(q,P,t\)}{section.8.3}% 77
\BOOKMARK [2][-]{subsection.8.3.3}{\(p,Q,t\) = F3\(p,Q,t\)}{section.8.3}% 78
\BOOKMARK [2][-]{subsection.8.3.4}{\(p,P,t\) = F4\(p,P,t\)}{section.8.3}% 79
\BOOKMARK [0][-]{chapter.9}{Teoria de Hamilton-Jacobi}{}% 80
\BOOKMARK [1][-]{section.9.1}{Ecuaci\363n de Hamilton-Jacobi}{chapter.9}% 81
\BOOKMARK [1][-]{section.9.2}{Interpretaci\363n de la funci\363n principal de Hamilton}{chapter.9}% 82
\BOOKMARK [1][-]{section.9.3}{Ejemplos de aplicaci\363n del M\351todo de Hamilton-Jacobi}{chapter.9}% 83
\BOOKMARK [2][-]{subsection.9.3.1}{Oscilador Arm\363nico}{section.9.3}% 84
\BOOKMARK [0][-]{appendix.Alph1}{ Principio Variacional}{}% 85
\BOOKMARK [1][-]{section.Alph1.1}{Principio Variacional}{appendix.Alph1}% 86
\BOOKMARK [2][-]{subsection.Alph1.1.1}{C\341lculo Funcional}{section.Alph1.1}% 87
\BOOKMARK [2][-]{subsection.Alph1.1.2}{Ecuaciones de Euler-Lagrange}{section.Alph1.1}% 88
\BOOKMARK [0][-]{appendix.Alph2}{Tensores}{}% 89
